<?xml version="1.0" encoding="UTF-8"?>
<robot generator="Robot 6.1.1 (Python 3.11.5 on win32)" generated="20230907 17:22:52.521" rpa="false" schemaversion="4">
<suite id="s1" name="Test1" source="E:\python\robotframe\automation\test1.robot">
<test id="s1-t1" name="Google" line="9">
<kw name="Open Browser" library="SeleniumLibrary">
<arg>${url}</arg>
<arg>${browser}</arg>
<doc>Opens a new browser instance to the optional ``url``.</doc>
<msg timestamp="20230907 17:22:52.697" level="INFO">Opening browser 'chrome' to base url 'https://www.google.com'.</msg>
<status status="PASS" starttime="20230907 17:22:52.697" endtime="20230907 17:22:55.559"/>
</kw>
<kw name="Maximize Browser Window" library="SeleniumLibrary">
<doc>Maximizes current browser window.</doc>
<status status="PASS" starttime="20230907 17:22:55.560" endtime="20230907 17:22:55.679"/>
</kw>
<kw name="Sleep" library="BuiltIn">
<arg>3</arg>
<doc>Pauses the test executed for the given time.</doc>
<msg timestamp="20230907 17:22:58.680" level="INFO">Slept 3 seconds</msg>
<status status="PASS" starttime="20230907 17:22:55.680" endtime="20230907 17:22:58.680"/>
</kw>
<kw name="Input Text" library="SeleniumLibrary">
<arg>class:gLFyf</arg>
<arg>Amazon</arg>
<doc>Types the given ``text`` into the text field identified by ``locator``.</doc>
<msg timestamp="20230907 17:22:58.681" level="INFO">Typing text 'Amazon' into text field 'class:gLFyf'.</msg>
<status status="PASS" starttime="20230907 17:22:58.680" endtime="20230907 17:22:58.751"/>
</kw>
<kw name="Sleep" library="BuiltIn">
<arg>3</arg>
<doc>Pauses the test executed for the given time.</doc>
<msg timestamp="20230907 17:23:01.752" level="INFO">Slept 3 seconds</msg>
<status status="PASS" starttime="20230907 17:22:58.752" endtime="20230907 17:23:01.752"/>
</kw>
<kw name="Click Element" library="SeleniumLibrary">
<arg>//input[@class="gNO89b"]</arg>
<doc>Click the element identified by ``locator``.</doc>
<msg timestamp="20230907 17:23:01.753" level="INFO">Clicking element '//input[@class="gNO89b"]'.</msg>
<status status="PASS" starttime="20230907 17:23:01.752" endtime="20230907 17:23:01.994"/>
</kw>
<kw name="Close Browser" library="SeleniumLibrary">
<doc>Closes the current browser.</doc>
<status status="PASS" starttime="20230907 17:23:01.994" endtime="20230907 17:23:04.061"/>
</kw>
<status status="PASS" starttime="20230907 17:22:52.696" endtime="20230907 17:23:04.061"/>
</test>
<status status="PASS" starttime="20230907 17:22:52.522" endtime="20230907 17:23:04.063"/>
</suite>
<statistics>
<total>
<stat pass="1" fail="0" skip="0">All Tests</stat>
</total>
<tag>
</tag>
<suite>
<stat pass="1" fail="0" skip="0" id="s1" name="Test1">Test1</stat>
</suite>
</statistics>
<errors>
</errors>
</robot>
